TN:
SF:/home/dimitri/vicualGitEpitech/T-DEV-600-NAN_6/backend/src/adapters/db/postgres_ban_repository.rs
FN:9,<impl BanRepository for PostgresBanRepo>::save
FN:20,<impl BanRepository for PostgresBanRepo>::find_by_user_and_server
FN:46,<impl BanRepository for PostgresBanRepo>::update_ban
FN:51,<impl BanRepository for PostgresBanRepo>::deban
FNF:4
FNDA:0,<impl BanRepository for PostgresBanRepo>::save
FNDA:0,<impl BanRepository for PostgresBanRepo>::find_by_user_and_server
FNDA:0,<impl BanRepository for PostgresBanRepo>::update_ban
FNDA:0,<impl BanRepository for PostgresBanRepo>::deban
DA:9,0
DA:10,0
DA:12,0
DA:15,0
DA:17,0
DA:20,0
DA:21,0
DA:22,0
DA:25,0
DA:28,0
DA:29,0
DA:30,0
DA:31,0
DA:32,0
DA:33,0
DA:34,0
DA:44,0
DA:46,0
DA:47,0
DA:48,0
DA:49,0
DA:51,0
DA:52,0
DA:53,0
DA:54,0
LF:25
LH:0
end_of_record
TN:
SF:/home/dimitri/vicualGitEpitech/T-DEV-600-NAN_6/backend/src/adapters/db/postgres_channel_repository.rs
FN:9,<impl ChannelRepository for PostgresChannelRepo>::save
FN:19,<impl ChannelRepository for PostgresChannelRepo>::find_by_id
FN:40,<impl ChannelRepository for PostgresChannelRepo>::find_by_server
FN:62,<impl ChannelRepository for PostgresChannelRepo>::delete_channel
FN:68,<impl ChannelRepository for PostgresChannelRepo>::update
FNF:5
FNDA:0,<impl ChannelRepository for PostgresChannelRepo>::save
FNDA:0,<impl ChannelRepository for PostgresChannelRepo>::find_by_id
FNDA:0,<impl ChannelRepository for PostgresChannelRepo>::find_by_server
FNDA:0,<impl ChannelRepository for PostgresChannelRepo>::delete_channel
FNDA:0,<impl ChannelRepository for PostgresChannelRepo>::update
DA:9,0
DA:10,0
DA:12,0
DA:14,0
DA:16,0
DA:19,0
DA:20,0
DA:21,0
DA:24,0
DA:27,0
DA:28,0
DA:29,0
DA:30,0
DA:37,0
DA:40,0
DA:41,0
DA:42,0
DA:43,0
DA:45,0
DA:46,0
DA:48,0
DA:49,0
DA:50,0
DA:51,0
DA:58,0
DA:60,0
DA:62,0
DA:63,0
DA:64,0
DA:65,0
DA:68,0
DA:69,0
DA:71,0
DA:73,0
DA:75,0
LF:35
LH:0
end_of_record
TN:
SF:/home/dimitri/vicualGitEpitech/T-DEV-600-NAN_6/backend/src/adapters/db/postgres_member_repository.rs
FN:14,<impl MemberRepository for PostgresMemberRepo>::save
FN:24,<impl MemberRepository for PostgresMemberRepo>::find_by_id
FN:58,<impl MemberRepository for PostgresMemberRepo>::get_by_user_and_server
FN:97,<impl MemberRepository for PostgresMemberRepo>::update_member_role
FN:112,<impl MemberRepository for PostgresMemberRepo>::delete_member
FN:118,<impl MemberRepository for PostgresMemberRepo>::find_by_server_id
FNF:6
FNDA:0,<impl MemberRepository for PostgresMemberRepo>::save
FNDA:0,<impl MemberRepository for PostgresMemberRepo>::find_by_id
FNDA:0,<impl MemberRepository for PostgresMemberRepo>::get_by_user_and_server
FNDA:0,<impl MemberRepository for PostgresMemberRepo>::update_member_role
FNDA:0,<impl MemberRepository for PostgresMemberRepo>::delete_member
FNDA:0,<impl MemberRepository for PostgresMemberRepo>::find_by_server_id
DA:14,0
DA:15,0
DA:17,0
DA:19,0
DA:21,0
DA:24,0
DA:25,0
DA:27,0
DA:38,0
DA:40,0
DA:41,0
DA:42,0
DA:43,0
DA:44,0
DA:46,0
DA:47,0
DA:48,0
DA:49,0
DA:50,0
DA:51,0
DA:52,0
DA:53,0
DA:54,0
DA:58,0
DA:59,0
DA:61,0
DA:73,0
DA:77,0
DA:78,0
DA:79,0
DA:80,0
DA:81,0
DA:84,0
DA:86,0
DA:87,0
DA:88,0
DA:89,0
DA:90,0
DA:91,0
DA:93,0
DA:94,0
DA:97,0
DA:98,0
DA:100,0
DA:106,0
DA:109,0
DA:112,0
DA:113,0
DA:114,0
DA:115,0
DA:118,0
DA:119,0
DA:120,0
DA:121,0
DA:133,0
DA:134,0
DA:135,0
DA:136,0
DA:137,0
DA:138,0
DA:139,0
DA:141,0
DA:142,0
DA:143,0
DA:144,0
DA:145,0
DA:146,0
DA:147,0
DA:148,0
DA:149,0
DA:151,0
LF:71
LH:0
end_of_record
TN:
SF:/home/dimitri/vicualGitEpitech/T-DEV-600-NAN_6/backend/src/adapters/db/postgres_message_repository.rs
FN:10,<impl MessageRepository for PostgresMessageRepo>::save
FN:21,<impl MessageRepository for PostgresMessageRepo>::delete
FN:30,<impl MessageRepository for PostgresMessageRepo>::update
FN:39,<impl MessageRepository for PostgresMessageRepo>::find_by_id
FN:67,<impl MessageRepository for PostgresMessageRepo>::find_by_channel
FNF:5
FNDA:0,<impl MessageRepository for PostgresMessageRepo>::save
FNDA:0,<impl MessageRepository for PostgresMessageRepo>::delete
FNDA:0,<impl MessageRepository for PostgresMessageRepo>::update
FNDA:0,<impl MessageRepository for PostgresMessageRepo>::find_by_id
FNDA:0,<impl MessageRepository for PostgresMessageRepo>::find_by_channel
DA:10,0
DA:11,0
DA:13,0
DA:15,0
DA:18,0
DA:21,0
DA:22,0
DA:23,0
DA:25,0
DA:27,0
DA:30,0
DA:31,0
DA:33,0
DA:35,0
DA:37,0
DA:39,0
DA:40,0
DA:42,0
DA:46,0
DA:50,0
DA:51,0
DA:52,0
DA:53,0
DA:61,0
DA:64,0
DA:67,0
DA:68,0
DA:69,0
DA:71,0
DA:77,0
DA:78,0
DA:80,0
DA:81,0
DA:82,0
DA:83,0
DA:91,0
DA:93,0
DA:96,0
LF:38
LH:0
end_of_record
TN:
SF:/home/dimitri/vicualGitEpitech/T-DEV-600-NAN_6/backend/src/adapters/db/postgres_role_repository.rs
FN:10,<impl RoleRepository for PostgresRoleRepo>::find_by_id
FN:25,<impl RoleRepository for PostgresRoleRepo>::find_by_name
FNF:2
FNDA:0,<impl RoleRepository for PostgresRoleRepo>::find_by_id
FNDA:0,<impl RoleRepository for PostgresRoleRepo>::find_by_name
DA:10,0
DA:11,0
DA:13,0
DA:18,0
DA:20,0
DA:21,0
DA:25,0
DA:27,0
DA:29,0
DA:34,0
DA:36,0
DA:37,0
LF:12
LH:0
end_of_record
TN:
SF:/home/dimitri/vicualGitEpitech/T-DEV-600-NAN_6/backend/src/adapters/db/postgres_server_repository.rs
FN:10,<impl ServerRepository for PostgresServerRepo>::save
FN:21,<impl ServerRepository for PostgresServerRepo>::find_by_id
FN:60,<impl ServerRepository for PostgresServerRepo>::find_by_user_id
FN:102,<impl ServerRepository for PostgresServerRepo>::delete_server
FN:112,<impl ServerRepository for PostgresServerRepo>::find_by_invite_code
FN:151,<impl ServerRepository for PostgresServerRepo>::update
FNF:6
FNDA:0,<impl ServerRepository for PostgresServerRepo>::save
FNDA:0,<impl ServerRepository for PostgresServerRepo>::find_by_id
FNDA:0,<impl ServerRepository for PostgresServerRepo>::find_by_user_id
FNDA:0,<impl ServerRepository for PostgresServerRepo>::delete_server
FNDA:0,<impl ServerRepository for PostgresServerRepo>::find_by_invite_code
FNDA:0,<impl ServerRepository for PostgresServerRepo>::update
DA:10,0
DA:11,0
DA:13,0
DA:15,0
DA:18,0
DA:21,0
DA:22,0
DA:23,0
DA:26,0
DA:29,0
DA:30,0
DA:31,0
DA:32,0
DA:33,0
DA:41,0
DA:44,0
DA:46,0
DA:47,0
DA:49,0
DA:50,0
DA:51,0
DA:52,0
DA:54,0
DA:57,0
DA:60,0
DA:61,0
DA:62,0
DA:64,0
DA:66,0
DA:67,0
DA:68,0
DA:69,0
DA:70,0
DA:71,0
DA:72,0
DA:75,0
DA:80,0
DA:83,0
DA:85,0
DA:86,0
DA:88,0
DA:89,0
DA:90,0
DA:91,0
DA:93,0
DA:96,0
DA:99,0
DA:102,0
DA:103,0
DA:104,0
DA:106,0
DA:109,0
DA:112,0
DA:113,0
DA:114,0
DA:117,0
DA:120,0
DA:121,0
DA:122,0
DA:123,0
DA:124,0
DA:127,0
DA:132,0
DA:135,0
DA:137,0
DA:138,0
DA:140,0
DA:141,0
DA:142,0
DA:143,0
DA:145,0
DA:148,0
DA:151,0
DA:152,0
DA:154,0
DA:156,0
DA:158,0
LF:77
LH:0
end_of_record
TN:
SF:/home/dimitri/vicualGitEpitech/T-DEV-600-NAN_6/backend/src/adapters/db/postgres_user_repository.rs
FN:11,<impl UserRepository for PostgresUserRepo>::save
FN:21,<impl UserRepository for PostgresUserRepo>::find_by_id
FN:46,<impl UserRepository for PostgresUserRepo>::find_by_username
FN:72,<impl UserRepository for PostgresUserRepo>::update_token
FNF:4
FNDA:0,<impl UserRepository for PostgresUserRepo>::save
FNDA:0,<impl UserRepository for PostgresUserRepo>::find_by_id
FNDA:0,<impl UserRepository for PostgresUserRepo>::find_by_username
FNDA:0,<impl UserRepository for PostgresUserRepo>::update_token
DA:11,0
DA:12,0
DA:14,0
DA:16,0
DA:18,0
DA:21,0
DA:22,0
DA:23,0
DA:26,0
DA:29,0
DA:30,0
DA:31,0
DA:32,0
DA:33,0
DA:34,0
DA:43,0
DA:46,0
DA:47,0
DA:48,0
DA:51,0
DA:54,0
DA:55,0
DA:56,0
DA:57,0
DA:58,0
DA:59,0
DA:68,0
DA:72,0
DA:73,0
DA:75,0
DA:77,0
DA:80,0
LF:32
LH:0
end_of_record
TN:
SF:/home/dimitri/vicualGitEpitech/T-DEV-600-NAN_6/backend/src/adapters/http/channel/create_channel.rs
FN:9,create_channel_handler
FNF:1
FNDA:0,create_channel_handler
DA:9,0
DA:14,0
DA:15,0
DA:17,0
DA:18,0
DA:20,0
DA:21,0
DA:22,0
DA:26,0
DA:27,0
DA:28,0
DA:29,0
DA:31,0
DA:32,0
DA:34,0
LF:15
LH:0
end_of_record
TN:
SF:/home/dimitri/vicualGitEpitech/T-DEV-600-NAN_6/backend/src/adapters/http/channel/delete_channel.rs
FN:9,delete_channel_handler
FNF:1
FNDA:0,delete_channel_handler
DA:9,0
DA:14,0
DA:15,0
DA:16,0
DA:18,0
DA:21,0
DA:22,0
DA:23,0
DA:25,0
DA:28,0
DA:30,0
DA:31,0
DA:33,0
DA:34,0
DA:35,0
DA:39,0
DA:40,0
DA:42,0
DA:43,0
DA:45,0
LF:20
LH:0
end_of_record
TN:
SF:/home/dimitri/vicualGitEpitech/T-DEV-600-NAN_6/backend/src/adapters/http/channel/get_channel.rs
FN:8,get_channel_handler
FNF:1
FNDA:0,get_channel_handler
DA:8,0
DA:11,0
DA:13,0
DA:14,0
DA:16,0
DA:17,0
DA:18,0
DA:19,0
LF:8
LH:0
end_of_record
TN:
SF:/home/dimitri/vicualGitEpitech/T-DEV-600-NAN_6/backend/src/adapters/http/channel/list_channel.rs
FN:9,list_channel_handler
FNF:1
FNDA:0,list_channel_handler
DA:9,0
DA:12,0
DA:14,0
DA:15,0
DA:17,0
DA:18,0
DA:19,0
DA:20,0
LF:8
LH:0
end_of_record
TN:
SF:/home/dimitri/vicualGitEpitech/T-DEV-600-NAN_6/backend/src/adapters/http/channel/update_channel.rs
FN:9,update_channel_handler
FNF:1
FNDA:0,update_channel_handler
DA:9,0
DA:14,0
DA:16,0
DA:17,0
DA:19,0
DA:20,0
DA:21,0
DA:25,0
DA:26,0
DA:27,0
DA:29,0
DA:30,0
DA:32,0
LF:13
LH:0
end_of_record
TN:
SF:/home/dimitri/vicualGitEpitech/T-DEV-600-NAN_6/backend/src/adapters/http/error.rs
FN:12,<impl IntoResponse for ApiError>::into_response
FNF:1
FNDA:0,<impl IntoResponse for ApiError>::into_response
DA:12,0
DA:13,0
DA:14,0
DA:15,0
DA:16,0
LF:5
LH:0
end_of_record
TN:
SF:/home/dimitri/vicualGitEpitech/T-DEV-600-NAN_6/backend/src/adapters/http/message/create_message.rs
FN:10,create_message_handler
FNF:1
FNDA:0,create_message_handler
DA:10,0
DA:14,0
DA:17,0
DA:18,0
DA:20,0
DA:21,0
DA:22,0
DA:23,0
LF:8
LH:0
end_of_record
TN:
SF:/home/dimitri/vicualGitEpitech/T-DEV-600-NAN_6/backend/src/adapters/http/message/delete_message.rs
FN:16,delete_message_handler
FNF:1
FNDA:0,delete_message_handler
DA:16,0
DA:21,0
DA:22,0
DA:25,0
DA:30,0
DA:36,0
DA:38,0
DA:39,0
DA:40,0
DA:44,0
DA:45,0
DA:47,0
DA:49,0
LF:13
LH:0
end_of_record
TN:
SF:/home/dimitri/vicualGitEpitech/T-DEV-600-NAN_6/backend/src/adapters/http/message/get_message_list.rs
FN:8,get_message_list_handler
FNF:1
FNDA:0,get_message_list_handler
DA:8,0
DA:11,0
DA:13,0
DA:14,0
DA:16,0
DA:17,0
DA:18,0
DA:19,0
LF:8
LH:0
end_of_record
TN:
SF:/home/dimitri/vicualGitEpitech/T-DEV-600-NAN_6/backend/src/adapters/http/message/update_message.rs
FN:17,update_message_handler
FNF:1
FNDA:0,update_message_handler
DA:17,0
DA:22,0
DA:23,0
DA:24,0
DA:27,0
DA:32,0
DA:38,0
DA:40,0
DA:41,0
DA:42,0
DA:46,0
DA:47,0
DA:48,0
DA:49,0
DA:52,0
DA:54,0
LF:16
LH:0
end_of_record
TN:
SF:/home/dimitri/vicualGitEpitech/T-DEV-600-NAN_6/backend/src/adapters/http/route/channels_route.rs
FN:11,channels_routes
FNF:1
FNDA:0,channels_routes
DA:11,0
DA:12,0
DA:13,0
DA:14,0
DA:15,0
DA:16,0
DA:17,0
DA:18,0
LF:8
LH:0
end_of_record
TN:
SF:/home/dimitri/vicualGitEpitech/T-DEV-600-NAN_6/backend/src/adapters/http/route/message_route.rs
FN:11,message_routes
FNF:1
FNDA:0,message_routes
DA:11,0
DA:12,0
DA:13,0
DA:14,0
DA:15,0
DA:16,0
DA:17,0
LF:7
LH:0
end_of_record
TN:
SF:/home/dimitri/vicualGitEpitech/T-DEV-600-NAN_6/backend/src/adapters/http/route/server_route.rs
FN:22,server_routes
FNF:1
FNDA:0,server_routes
DA:22,0
DA:23,0
DA:24,0
DA:25,0
DA:26,0
DA:27,0
DA:28,0
DA:30,0
DA:31,0
DA:32,0
DA:33,0
DA:35,0
DA:36,0
DA:37,0
DA:38,0
DA:39,0
DA:41,0
DA:42,0
LF:18
LH:0
end_of_record
TN:
SF:/home/dimitri/vicualGitEpitech/T-DEV-600-NAN_6/backend/src/adapters/http/route/user_route.rs
FN:10,user_routes
FNF:1
FNDA:0,user_routes
DA:10,0
DA:11,0
DA:12,0
DA:13,0
DA:14,0
DA:15,0
LF:6
LH:0
end_of_record
TN:
SF:/home/dimitri/vicualGitEpitech/T-DEV-600-NAN_6/backend/src/adapters/http/server/ban_member.rs
FN:23,ban_member_handler
FNF:1
FNDA:0,ban_member_handler
DA:23,0
DA:28,0
DA:29,0
DA:30,0
DA:31,0
DA:32,0
DA:33,0
DA:34,0
DA:35,0
DA:37,0
DA:41,0
DA:42,0
DA:44,0
DA:45,0
DA:46,0
DA:49,0
DA:55,0
DA:57,0
LF:18
LH:0
end_of_record
TN:
SF:/home/dimitri/vicualGitEpitech/T-DEV-600-NAN_6/backend/src/adapters/http/server/create_server.rs
FN:10,create_server_handler
FNF:1
FNDA:0,create_server_handler
DA:10,0
DA:13,0
DA:16,0
DA:18,0
DA:19,0
DA:21,0
DA:22,0
DA:23,0
DA:26,0
DA:27,0
DA:31,0
DA:32,0
DA:34,0
DA:35,0
DA:38,0
DA:39,0
DA:41,0
DA:42,0
DA:43,0
DA:45,0
LF:20
LH:0
end_of_record
TN:
SF:/home/dimitri/vicualGitEpitech/T-DEV-600-NAN_6/backend/src/adapters/http/server/deban.rs
FN:17,deban_member_handler
FNF:1
FNDA:0,deban_member_handler
DA:17,0
DA:21,0
DA:22,0
DA:24,0
DA:26,0
DA:27,0
DA:29,0
DA:30,0
DA:31,0
DA:33,0
LF:10
LH:0
end_of_record
TN:
SF:/home/dimitri/vicualGitEpitech/T-DEV-600-NAN_6/backend/src/adapters/http/server/delete_server.rs
FN:4,delete_server_handler
FNF:1
FNDA:0,delete_server_handler
DA:4,0
DA:7,0
DA:9,0
DA:10,0
DA:12,0
DA:13,0
DA:14,0
DA:16,0
LF:8
LH:0
end_of_record
TN:
SF:/home/dimitri/vicualGitEpitech/T-DEV-600-NAN_6/backend/src/adapters/http/server/find_ban_by_id.rs
FN:17,get_ban_handler
FNF:1
FNDA:0,get_ban_handler
DA:17,0
DA:21,0
DA:22,0
DA:24,0
DA:26,0
DA:27,0
DA:29,0
DA:30,0
DA:31,0
DA:33,0
LF:10
LH:0
end_of_record
TN:
SF:/home/dimitri/vicualGitEpitech/T-DEV-600-NAN_6/backend/src/adapters/http/server/find_by_user_id.rs
FN:13,get_user_server_handler
FNF:1
FNDA:0,get_user_server_handler
DA:13,0
DA:16,0
DA:17,0
DA:19,0
DA:20,0
DA:22,0
DA:23,0
DA:24,0
DA:26,0
LF:9
LH:0
end_of_record
TN:
SF:/home/dimitri/vicualGitEpitech/T-DEV-600-NAN_6/backend/src/adapters/http/server/get_members.rs
FN:8,get_members_handler
FNF:1
FNDA:0,get_members_handler
DA:8,0
DA:11,0
DA:13,0
DA:14,0
DA:16,0
DA:17,0
DA:18,0
DA:20,0
LF:8
LH:0
end_of_record
TN:
SF:/home/dimitri/vicualGitEpitech/T-DEV-600-NAN_6/backend/src/adapters/http/server/get_server.rs
FN:7,get_server_handler
FNF:1
FNDA:0,get_server_handler
DA:7,0
DA:10,0
DA:12,0
DA:13,0
DA:15,0
DA:16,0
DA:17,0
DA:19,0
LF:8
LH:0
end_of_record
TN:
SF:/home/dimitri/vicualGitEpitech/T-DEV-600-NAN_6/backend/src/adapters/http/server/join_by_invite.rs
FN:17,join_server_by_invite_handler
FNF:1
FNDA:0,join_server_by_invite_handler
DA:17,0
DA:22,0
DA:23,0
DA:26,0
DA:27,0
DA:29,0
DA:30,0
DA:31,0
DA:32,0
DA:33,0
DA:34,0
DA:35,0
DA:36,0
DA:37,0
DA:38,0
DA:39,0
DA:43,0
LF:17
LH:0
end_of_record
TN:
SF:/home/dimitri/vicualGitEpitech/T-DEV-600-NAN_6/backend/src/adapters/http/server/join_server.rs
FN:11,join_server_handler
FNF:1
FNDA:0,join_server_handler
DA:11,0
DA:15,0
DA:16,0
DA:19,0
DA:20,0
DA:22,0
DA:23,0
DA:24,0
DA:26,0
LF:9
LH:0
end_of_record
TN:
SF:/home/dimitri/vicualGitEpitech/T-DEV-600-NAN_6/backend/src/adapters/http/server/kick_member.rs
FN:16,kick_member_handler
FNF:1
FNDA:0,kick_member_handler
DA:16,0
DA:21,0
DA:22,0
DA:23,0
DA:26,0
DA:27,0
DA:31,0
DA:32,0
DA:33,0
DA:36,0
DA:37,0
DA:38,0
DA:41,0
DA:42,0
DA:46,0
DA:47,0
DA:51,0
DA:52,0
DA:56,0
DA:57,0
DA:58,0
DA:61,0
DA:62,0
DA:63,0
DA:65,0
DA:67,0
DA:68,0
DA:69,0
DA:73,0
DA:75,0
DA:78,0
DA:80,0
DA:82,0
LF:33
LH:0
end_of_record
TN:
SF:/home/dimitri/vicualGitEpitech/T-DEV-600-NAN_6/backend/src/adapters/http/server/leave_server.rs
FN:11,delete_member_handler
FNF:1
FNDA:0,delete_member_handler
DA:11,0
DA:15,0
DA:17,0
DA:18,0
DA:20,0
DA:21,0
DA:22,0
DA:24,0
LF:8
LH:0
end_of_record
TN:
SF:/home/dimitri/vicualGitEpitech/T-DEV-600-NAN_6/backend/src/adapters/http/server/update_ban_member.rs
FN:18,update_ban_member_handler
FNF:1
FNDA:0,update_ban_member_handler
DA:18,0
DA:23,0
DA:24,0
DA:25,0
DA:26,0
DA:28,0
DA:30,0
DA:31,0
DA:33,0
DA:34,0
DA:35,0
DA:37,0
LF:12
LH:0
end_of_record
TN:
SF:/home/dimitri/vicualGitEpitech/T-DEV-600-NAN_6/backend/src/adapters/http/server/update_member.rs
FN:9,update_members_handler
FNF:1
FNDA:0,update_members_handler
DA:9,0
DA:15,0
DA:16,0
DA:17,0
DA:19,0
DA:21,0
DA:22,0
DA:24,0
DA:25,0
DA:26,0
DA:29,0
DA:30,0
DA:32,0
DA:38,0
DA:41,0
DA:42,0
DA:43,0
DA:44,0
DA:46,0
DA:47,0
DA:48,0
DA:49,0
DA:50,0
DA:51,0
DA:52,0
DA:53,0
DA:54,0
DA:59,0
LF:28
LH:0
end_of_record
TN:
SF:/home/dimitri/vicualGitEpitech/T-DEV-600-NAN_6/backend/src/adapters/http/server/update_server.rs
FN:9,update_server_handler
FNF:1
FNDA:0,update_server_handler
DA:9,0
DA:13,0
DA:15,0
DA:16,0
DA:18,0
DA:19,0
DA:20,0
DA:22,0
LF:8
LH:0
end_of_record
TN:
SF:/home/dimitri/vicualGitEpitech/T-DEV-600-NAN_6/backend/src/adapters/http/user/create.rs
FN:7,create_user_handler
FNF:1
FNDA:0,create_user_handler
DA:7,0
DA:10,0
DA:12,0
DA:13,0
DA:15,0
DA:16,0
DA:17,0
DA:18,0
DA:19,0
DA:22,0
DA:23,0
DA:24,0
DA:25,0
DA:26,0
DA:27,0
DA:28,0
DA:29,0
DA:30,0
DA:32,0
DA:35,0
DA:40,0
DA:41,0
DA:42,0
DA:43,0
DA:46,0
LF:25
LH:0
end_of_record
TN:
SF:/home/dimitri/vicualGitEpitech/T-DEV-600-NAN_6/backend/src/adapters/http/user/get_by_id.rs
FN:13,get_user_handler
FNF:1
FNDA:0,get_user_handler
DA:13,0
DA:16,0
DA:17,0
DA:19,0
DA:20,0
DA:22,0
DA:23,0
DA:24,0
DA:26,0
LF:9
LH:0
end_of_record
TN:
SF:/home/dimitri/vicualGitEpitech/T-DEV-600-NAN_6/backend/src/adapters/http/user/login.rs
FN:4,login_user_handler
FNF:1
FNDA:0,login_user_handler
DA:4,0
DA:7,0
DA:9,0
DA:10,0
DA:12,0
DA:13,0
DA:14,0
DA:16,0
DA:17,0
DA:18,0
DA:19,0
DA:21,0
LF:12
LH:0
end_of_record
TN:
SF:/home/dimitri/vicualGitEpitech/T-DEV-600-NAN_6/backend/src/adapters/http/user/logout.rs
FN:12,logout_user_handler
FNF:1
FNDA:0,logout_user_handler
DA:12,0
DA:15,0
DA:16,0
DA:18,0
DA:19,0
DA:21,0
DA:22,0
DA:23,0
DA:25,0
LF:9
LH:0
end_of_record
TN:
SF:/home/dimitri/vicualGitEpitech/T-DEV-600-NAN_6/backend/src/adapters/websocket/channel_handler.rs
FN:10,handle_socket
FN:80,handle_text_message
FN:119,handle_new_message
FN:204,send_pong
FN:212,broadcast_typing
FN:229,broadcast_user_left
FNF:6
FNDA:0,handle_socket
FNDA:0,handle_text_message
FNDA:0,handle_new_message
FNDA:0,send_pong
FNDA:0,broadcast_typing
FNDA:0,broadcast_user_left
DA:10,0
DA:11,0
DA:13,0
DA:17,0
DA:18,0
DA:19,0
DA:20,0
DA:24,0
DA:27,0
DA:28,0
DA:31,0
DA:32,0
DA:33,0
DA:40,0
DA:41,0
DA:42,0
DA:43,0
DA:44,0
DA:45,0
DA:46,0
DA:47,0
DA:48,0
DA:49,0
DA:50,0
DA:51,0
DA:52,0
DA:53,0
DA:55,0
DA:58,0
DA:59,0
DA:68,0
DA:74,0
DA:76,0
DA:80,0
DA:87,0
DA:88,0
DA:89,0
DA:96,0
DA:98,0
DA:99,0
DA:101,0
DA:106,0
DA:108,0
DA:112,0
DA:113,0
DA:119,0
DA:131,0
DA:132,0
DA:135,0
DA:136,0
DA:137,0
DA:140,0
DA:142,0
DA:143,0
DA:144,0
DA:146,0
DA:147,0
DA:148,0
DA:154,0
DA:155,0
DA:160,0
DA:161,0
DA:162,0
DA:163,0
DA:164,0
DA:171,0
DA:172,0
DA:175,0
DA:177,0
DA:178,0
DA:181,0
DA:182,0
DA:183,0
DA:184,0
DA:185,0
DA:186,0
DA:190,0
DA:191,0
DA:194,0
DA:195,0
DA:197,0
DA:198,0
DA:204,0
DA:205,0
DA:206,0
DA:207,0
DA:212,0
DA:223,0
DA:224,0
DA:229,0
DA:235,0
DA:236,0
DA:237,0
DA:239,0
DA:240,0
DA:241,0
DA:243,0
DA:244,0
DA:245,0
LF:99
LH:0
end_of_record
TN:
SF:/home/dimitri/vicualGitEpitech/T-DEV-600-NAN_6/backend/src/adapters/websocket/mod.rs
FN:22,ws_handler
FN:31,ws_server_handler
FN:40,websocket_routes
FNF:3
FNDA:0,ws_handler
FNDA:0,ws_server_handler
FNDA:0,websocket_routes
DA:22,0
DA:27,0
DA:31,0
DA:36,0
DA:40,0
DA:41,0
DA:42,0
DA:43,0
DA:44,0
LF:9
LH:0
end_of_record
TN:
SF:/home/dimitri/vicualGitEpitech/T-DEV-600-NAN_6/backend/src/adapters/websocket/server_handler.rs
FN:10,handle_server_socket
FNF:1
FNDA:0,handle_server_socket
DA:10,0
DA:11,0
DA:13,0
DA:16,0
DA:18,0
DA:19,0
DA:20,0
DA:21,0
DA:25,0
DA:28,0
DA:29,0
DA:32,0
DA:33,0
DA:34,0
DA:41,0
DA:42,0
DA:43,0
DA:44,0
DA:46,0
DA:47,0
DA:48,0
DA:49,0
DA:51,0
DA:52,0
DA:53,0
DA:55,0
DA:56,0
DA:58,0
DA:61,0
DA:62,0
DA:63,0
DA:64,0
DA:66,0
DA:67,0
DA:71,0
DA:72,0
DA:73,0
DA:81,0
DA:90,0
DA:96,0
DA:97,0
DA:98,0
DA:100,0
DA:101,0
DA:102,0
DA:104,0
DA:105,0
DA:106,0
DA:110,0
LF:49
LH:0
end_of_record
TN:
SF:/home/dimitri/vicualGitEpitech/T-DEV-600-NAN_6/backend/src/adapters/websocket/state.rs
FN:16,AppState::new
FN:23,AppState::broadcast_to_server
FN:34,AppState::broadcast_to_channel
FNF:3
FNDA:0,AppState::new
FNDA:0,AppState::broadcast_to_server
FNDA:0,AppState::broadcast_to_channel
DA:16,0
DA:18,0
DA:23,0
DA:24,0
DA:25,0
DA:27,0
DA:28,0
DA:29,0
DA:34,0
DA:35,0
DA:36,0
DA:37,0
DA:38,0
LF:13
LH:0
end_of_record
TN:
SF:/home/dimitri/vicualGitEpitech/T-DEV-600-NAN_6/backend/src/domain/jwt.rs
FN:6,get_jwt_secret
FN:21,generate_token
FN:43,validate_token
FNF:3
FNDA:1,get_jwt_secret
FNDA:1,generate_token
FNDA:0,validate_token
DA:6,1
DA:7,2
DA:8,2
DA:9,1
DA:21,1
DA:22,1
DA:23,1
DA:28,1
DA:29,1
DA:33,1
DA:35,1
DA:37,2
DA:39,1
DA:43,0
DA:44,0
DA:47,0
DA:48,0
DA:50,0
DA:51,0
LF:19
LH:13
end_of_record
TN:
SF:/home/dimitri/vicualGitEpitech/T-DEV-600-NAN_6/backend/src/domain/usecases/ban/deban.rs
FN:12,Deban<'a>::execute
FNF:1
FNDA:0,Deban<'a>::execute
DA:12,0
DA:17,0
DA:18,0
DA:20,0
DA:21,0
DA:22,0
LF:6
LH:0
end_of_record
TN:
SF:/home/dimitri/vicualGitEpitech/T-DEV-600-NAN_6/backend/src/domain/usecases/ban/find_by_user_and_server.rs
FN:12,UserServer<'a>::execute
FNF:1
FNDA:0,UserServer<'a>::execute
DA:12,0
DA:17,0
DA:18,0
DA:20,0
DA:21,0
DA:22,0
LF:6
LH:0
end_of_record
TN:
SF:/home/dimitri/vicualGitEpitech/T-DEV-600-NAN_6/backend/src/domain/usecases/ban/save.rs
FN:16,CreateBan<'a>::execute
FNF:1
FNDA:0,CreateBan<'a>::execute
DA:16,0
DA:24,0
DA:25,0
DA:31,0
DA:32,0
DA:33,0
DA:37,0
DA:38,0
DA:39,0
DA:42,0
DA:43,0
DA:47,0
DA:48,0
DA:52,0
DA:53,0
DA:57,0
DA:58,0
DA:59,0
DA:61,0
DA:62,0
DA:65,0
DA:66,0
DA:73,0
DA:74,0
DA:76,0
DA:77,0
DA:79,0
LF:27
LH:0
end_of_record
TN:
SF:/home/dimitri/vicualGitEpitech/T-DEV-600-NAN_6/backend/src/domain/usecases/ban/update_ban.rs
FN:12,UpdateBan<'a>::execute
FNF:1
FNDA:0,UpdateBan<'a>::execute
DA:12,0
DA:19,0
DA:20,0
DA:22,0
DA:23,0
DA:24,0
DA:25,0
DA:27,0
DA:28,0
DA:30,0
DA:31,0
DA:32,0
LF:12
LH:0
end_of_record
TN:
SF:/home/dimitri/vicualGitEpitech/T-DEV-600-NAN_6/backend/src/domain/usecases/channel/create.rs
FN:12,CreateChannel<'a>::execute
FNF:1
FNDA:2,CreateChannel<'a>::execute
DA:12,2
DA:17,5
DA:18,2
DA:20,1
DA:21,2
DA:30,1
LF:6
LH:6
end_of_record
TN:
SF:/home/dimitri/vicualGitEpitech/T-DEV-600-NAN_6/backend/src/domain/usecases/channel/delete.rs
FN:8,DeleteChannel<'a>::execute
FNF:1
FNDA:2,DeleteChannel<'a>::execute
DA:8,2
DA:12,4
DA:13,2
DA:15,5
DA:16,1
LF:5
LH:5
end_of_record
TN:
SF:/home/dimitri/vicualGitEpitech/T-DEV-600-NAN_6/backend/src/domain/usecases/channel/get.rs
FN:9,GetChannelDetails<'a>::execute
FNF:1
FNDA:2,GetChannelDetails<'a>::execute
DA:9,2
DA:13,4
DA:14,2
DA:16,3
DA:17,1
DA:18,1
DA:21,1
LF:7
LH:7
end_of_record
TN:
SF:/home/dimitri/vicualGitEpitech/T-DEV-600-NAN_6/backend/src/domain/usecases/channel/list_channel.rs
FN:9,ListServerChannel<'a>::execute
FNF:1
FNDA:2,ListServerChannel<'a>::execute
DA:9,2
DA:13,4
DA:14,2
DA:16,2
DA:17,1
DA:18,2
DA:19,0
LF:7
LH:6
end_of_record
TN:
SF:/home/dimitri/vicualGitEpitech/T-DEV-600-NAN_6/backend/src/domain/usecases/channel/update.rs
FN:10,UpdateChannel<'a>::execute
FNF:1
FNDA:2,UpdateChannel<'a>::execute
DA:10,2
DA:15,6
DA:16,2
DA:18,2
DA:19,1
DA:20,1
DA:22,1
DA:23,2
DA:24,1
LF:9
LH:9
end_of_record
TN:
SF:/home/dimitri/vicualGitEpitech/T-DEV-600-NAN_6/backend/src/domain/usecases/message/delete_message.rs
FN:13,DeleteMessage<'a>::execute
FNF:1
FNDA:3,DeleteMessage<'a>::execute
DA:13,3
DA:20,6
DA:21,2
DA:25,5
DA:26,1
DA:27,2
DA:30,2
DA:31,1
DA:34,2
DA:35,2
DA:36,1
DA:40,7
DA:41,6
DA:42,4
DA:44,3
DA:45,3
DA:46,1
DA:49,2
DA:50,1
DA:51,2
DA:52,0
DA:54,1
DA:57,1
DA:58,2
DA:62,0
DA:64,0
LF:26
LH:23
end_of_record
TN:
SF:/home/dimitri/vicualGitEpitech/T-DEV-600-NAN_6/backend/src/domain/usecases/message/list_message.rs
FN:9,ListMessage<'a>::execute
FNF:1
FNDA:1,ListMessage<'a>::execute
DA:9,1
DA:14,5
DA:15,2
DA:18,4
DA:19,1
DA:21,2
LF:6
LH:6
end_of_record
TN:
SF:/home/dimitri/vicualGitEpitech/T-DEV-600-NAN_6/backend/src/domain/usecases/message/send_message.rs
FN:17,SendMessage<'a>::execute
FNF:1
FNDA:1,SendMessage<'a>::execute
DA:17,1
DA:24,2
DA:25,2
DA:27,2
DA:28,0
DA:30,2
DA:31,0
DA:35,3
DA:36,1
DA:39,2
DA:40,2
DA:46,1
DA:59,1
LF:13
LH:11
end_of_record
TN:
SF:/home/dimitri/vicualGitEpitech/T-DEV-600-NAN_6/backend/src/domain/usecases/message/update_message.rs
FN:13,UpdateMessage<'a>::execute
FNF:1
FNDA:1,UpdateMessage<'a>::execute
DA:13,1
DA:21,2
DA:22,2
DA:26,3
DA:27,2
DA:28,2
DA:29,4
DA:32,3
DA:33,2
DA:36,4
DA:37,1
DA:38,1
DA:39,1
DA:43,2
LF:14
LH:14
end_of_record
TN:
SF:/home/dimitri/vicualGitEpitech/T-DEV-600-NAN_6/backend/src/domain/usecases/server/create.rs
FN:11,CreateServer<'a>::execute
FNF:1
FNDA:2,CreateServer<'a>::execute
DA:11,2
DA:16,6
DA:17,4
DA:19,2
DA:20,4
DA:21,4
DA:28,2
DA:30,4
DA:31,2
LF:9
LH:9
end_of_record
TN:
SF:/home/dimitri/vicualGitEpitech/T-DEV-600-NAN_6/backend/src/domain/usecases/server/delete.rs
FN:8,DeleteServer<'a>::execute
FNF:1
FNDA:1,DeleteServer<'a>::execute
DA:8,1
DA:12,2
DA:13,2
DA:15,2
DA:16,1
LF:5
LH:5
end_of_record
TN:
SF:/home/dimitri/vicualGitEpitech/T-DEV-600-NAN_6/backend/src/domain/usecases/server/find_by_user_id.rs
FN:15,GetServerByUser<'a>::execute
FNF:1
FNDA:1,GetServerByUser<'a>::execute
DA:15,1
DA:19,2
DA:20,2
DA:22,2
DA:23,2
DA:24,0
DA:26,1
LF:7
LH:6
end_of_record
TN:
SF:/home/dimitri/vicualGitEpitech/T-DEV-600-NAN_6/backend/src/domain/usecases/server/get.rs
FN:9,GetServerDetails<'a>::execute
FNF:1
FNDA:1,GetServerDetails<'a>::execute
DA:9,1
DA:13,2
DA:14,2
DA:18,2
DA:19,3
LF:5
LH:5
end_of_record
TN:
SF:/home/dimitri/vicualGitEpitech/T-DEV-600-NAN_6/backend/src/domain/usecases/server/join.rs
FN:16,JoinServer<'a>::execute
FNF:1
FNDA:3,JoinServer<'a>::execute
DA:16,3
DA:23,5
DA:24,2
DA:26,2
DA:27,2
DA:28,2
DA:30,3
DA:31,2
DA:32,0
DA:34,4
DA:35,2
DA:37,2
DA:39,1
DA:49,1
DA:56,1
LF:15
LH:14
end_of_record
TN:
SF:/home/dimitri/vicualGitEpitech/T-DEV-600-NAN_6/backend/src/domain/usecases/server/join_by_invite.rs
FN:16,JoinServerByInvite<'a>::execute
FNF:1
FNDA:1,JoinServerByInvite<'a>::execute
DA:16,1
DA:22,4
DA:23,2
DA:26,1
DA:27,1
DA:28,2
DA:31,2
DA:32,1
DA:33,0
DA:36,2
DA:38,1
DA:48,1
DA:55,1
LF:13
LH:12
end_of_record
TN:
SF:/home/dimitri/vicualGitEpitech/T-DEV-600-NAN_6/backend/src/domain/usecases/server/leave.rs
FN:9,LeaveServer<'a>::execute
FNF:1
FNDA:1,LeaveServer<'a>::execute
DA:9,1
DA:14,3
DA:15,2
DA:17,1
DA:18,1
LF:5
LH:5
end_of_record
TN:
SF:/home/dimitri/vicualGitEpitech/T-DEV-600-NAN_6/backend/src/domain/usecases/server/list.rs
FN:9,ListUserServers<'a>::execute
FNF:1
FNDA:1,ListUserServers<'a>::execute
DA:9,1
DA:13,1
DA:14,1
DA:16,2
DA:17,1
DA:18,1
LF:6
LH:6
end_of_record
TN:
SF:/home/dimitri/vicualGitEpitech/T-DEV-600-NAN_6/backend/src/domain/usecases/server/list_member.rs
FN:10,ListServerMembers<'a>::execute
FNF:1
FNDA:1,ListServerMembers<'a>::execute
DA:10,1
DA:14,2
DA:15,2
DA:17,1
DA:18,1
LF:5
LH:5
end_of_record
TN:
SF:/home/dimitri/vicualGitEpitech/T-DEV-600-NAN_6/backend/src/domain/usecases/server/update.rs
FN:12,UpdateServer<'a>::execute
FNF:1
FNDA:1,UpdateServer<'a>::execute
DA:12,1
DA:18,4
DA:19,2
DA:21,2
DA:22,1
DA:23,3
DA:24,1
DA:26,3
DA:27,1
DA:29,3
DA:30,2
DA:31,1
LF:12
LH:12
end_of_record
TN:
SF:/home/dimitri/vicualGitEpitech/T-DEV-600-NAN_6/backend/src/domain/usecases/server/update_member.rs
FN:9,UpdateMemberRole<'a>::execute
FNF:1
FNDA:1,UpdateMemberRole<'a>::execute
DA:9,1
DA:15,3
DA:16,2
DA:18,2
DA:19,1
DA:20,1
LF:6
LH:6
end_of_record
TN:
SF:/home/dimitri/vicualGitEpitech/T-DEV-600-NAN_6/backend/src/domain/usecases/user/create.rs
FN:11,CreateUser<'a>::execute
FNF:1
FNDA:1,CreateUser<'a>::execute
DA:11,1
DA:17,3
DA:18,2
DA:20,1
DA:21,2
DA:32,1
LF:6
LH:6
end_of_record
TN:
SF:/home/dimitri/vicualGitEpitech/T-DEV-600-NAN_6/backend/src/domain/usecases/user/find_by_id.rs
FN:17,GetUserById<'a>::execute
FNF:1
FNDA:1,GetUserById<'a>::execute
DA:17,1
DA:21,2
DA:22,2
DA:24,2
DA:25,3
DA:26,2
DA:28,1
LF:7
LH:7
end_of_record
TN:
SF:/home/dimitri/vicualGitEpitech/T-DEV-600-NAN_6/backend/src/domain/usecases/user/find_by_username.rs
FN:17,GetUserByUsername<'a>::execute
FNF:1
FNDA:1,GetUserByUsername<'a>::execute
DA:17,1
DA:21,2
DA:22,2
DA:24,2
DA:25,2
DA:26,0
DA:28,1
LF:7
LH:6
end_of_record
TN:
SF:/home/dimitri/vicualGitEpitech/T-DEV-600-NAN_6/backend/src/domain/usecases/user/login.rs
FN:10,LoginUser<'a>::execute
FNF:1
FNDA:1,LoginUser<'a>::execute
DA:10,1
DA:15,5
DA:16,2
DA:18,1
DA:19,1
DA:20,1
DA:22,2
DA:23,2
DA:27,2
DA:30,2
DA:33,1
DA:35,1
LF:12
LH:12
end_of_record
TN:
SF:/home/dimitri/vicualGitEpitech/T-DEV-600-NAN_6/backend/src/domain/usecases/user/logout.rs
FN:8,LogoutUser<'a>::execute
FNF:1
FNDA:1,LogoutUser<'a>::execute
DA:8,1
DA:12,4
DA:13,2
DA:17,2
DA:19,1
LF:5
LH:5
end_of_record
TN:
SF:/home/dimitri/vicualGitEpitech/T-DEV-600-NAN_6/backend/src/main.rs
FN:17,main
FNF:1
FNDA:0,main
DA:17,0
DA:19,0
DA:22,0
DA:23,0
DA:24,0
DA:25,0
DA:28,0
DA:29,0
DA:30,0
DA:31,0
DA:32,0
DA:33,0
DA:34,0
DA:35,0
DA:37,0
DA:39,0
DA:40,0
DA:42,0
DA:43,0
DA:46,0
LF:20
LH:0
end_of_record
TN:
SF:/home/dimitri/vicualGitEpitech/T-DEV-600-NAN_6/backend/src/test_unitaire/mock_repositories.rs
FN:25,MockChannelRepository::new
FN:32,MockChannelRepository::create_test_channel
FN:41,MockChannelRepository::add_channel
FN:47,<impl ChannelRepository for MockChannelRepository>::save
FN:53,<impl ChannelRepository for MockChannelRepository>::find_by_id
FN:62,<impl ChannelRepository for MockChannelRepository>::find_by_server
FN:74,<impl ChannelRepository for MockChannelRepository>::update
FN:84,<impl ChannelRepository for MockChannelRepository>::delete_channel
FN:99,MockServerRepository::new
FN:106,MockServerRepository::create_test_server
FN:117,MockServerRepository::add_server
FN:121,MockServerRepository::add_member
FN:127,<impl ServerRepository for MockServerRepository>::save
FN:132,<impl ServerRepository for MockServerRepository>::find_by_id
FN:141,<impl ServerRepository for MockServerRepository>::find_by_user_id
FN:165,<impl ServerRepository for MockServerRepository>::find_by_invite_code
FN:175,<impl ServerRepository for MockServerRepository>::delete_server
FN:184,<impl ServerRepository for MockServerRepository>::update
FN:200,MockMessageRepository::new
FN:207,MockMessageRepository::create_test_message
FN:223,MockMessageRepository::add_message
FN:229,<impl MessageRepository for MockMessageRepository>::save
FN:234,<impl MessageRepository for MockMessageRepository>::find_by_channel
FN:246,<impl MessageRepository for MockMessageRepository>::delete
FN:254,<impl MessageRepository for MockMessageRepository>::update
FN:263,<impl MessageRepository for MockMessageRepository>::find_by_id
FN:277,MockUserRepository::new
FN:292,MockUserRepository::create_test_user
FN:302,MockUserRepository::add_user
FN:308,<impl UserRepository for MockUserRepository>::save
FN:312,<impl UserRepository for MockUserRepository>::find_by_id
FN:316,<impl UserRepository for MockUserRepository>::update_token
FN:325,<impl UserRepository for MockUserRepository>::find_by_username
FN:337,MockMemberRepository::new
FN:343,MockMemberRepository::create_test_member
FN:393,MockMemberRepository::add_member
FN:399,<impl MemberRepository for MockMemberRepository>::save
FN:403,<impl MemberRepository for MockMemberRepository>::find_by_id
FN:413,<impl MemberRepository for MockMemberRepository>::get_by_user_and_server
FN:423,<impl MemberRepository for MockMemberRepository>::find_by_server_id
FN:435,<impl MemberRepository for MockMemberRepository>::delete_member
FN:441,<impl MemberRepository for MockMemberRepository>::update_member_role
FN:456,MockRoleRepository::new
FN:479,MockRoleRepository::add_role
FN:485,<impl RoleRepository for MockRoleRepository>::find_by_id
FN:493,<impl RoleRepository for MockRoleRepository>::find_by_name
FNF:46
FNDA:14,MockChannelRepository::new
FNDA:1,MockChannelRepository::create_test_channel
FNDA:4,MockChannelRepository::add_channel
FNDA:1,<impl ChannelRepository for MockChannelRepository>::save
FNDA:2,<impl ChannelRepository for MockChannelRepository>::find_by_id
FNDA:2,<impl ChannelRepository for MockChannelRepository>::find_by_server
FNDA:1,<impl ChannelRepository for MockChannelRepository>::update
FNDA:2,<impl ChannelRepository for MockChannelRepository>::delete_channel
FNDA:1,MockServerRepository::new
FNDA:1,MockServerRepository::create_test_server
FNDA:3,MockServerRepository::add_server
FNDA:1,MockServerRepository::add_member
FNDA:1,<impl ServerRepository for MockServerRepository>::save
FNDA:1,<impl ServerRepository for MockServerRepository>::find_by_id
FNDA:1,<impl ServerRepository for MockServerRepository>::find_by_user_id
FNDA:1,<impl ServerRepository for MockServerRepository>::find_by_invite_code
FNDA:1,<impl ServerRepository for MockServerRepository>::delete_server
FNDA:1,<impl ServerRepository for MockServerRepository>::update
FNDA:1,MockMessageRepository::new
FNDA:5,MockMessageRepository::create_test_message
FNDA:9,MockMessageRepository::add_message
FNDA:1,<impl MessageRepository for MockMessageRepository>::save
FNDA:2,<impl MessageRepository for MockMessageRepository>::find_by_channel
FNDA:1,<impl MessageRepository for MockMessageRepository>::delete
FNDA:1,<impl MessageRepository for MockMessageRepository>::update
FNDA:2,<impl MessageRepository for MockMessageRepository>::find_by_id
FNDA:2,MockUserRepository::new
FNDA:1,MockUserRepository::create_test_user
FNDA:2,MockUserRepository::add_user
FNDA:1,<impl UserRepository for MockUserRepository>::save
FNDA:2,<impl UserRepository for MockUserRepository>::find_by_id
FNDA:1,<impl UserRepository for MockUserRepository>::update_token
FNDA:1,<impl UserRepository for MockUserRepository>::find_by_username
FNDA:1,MockMemberRepository::new
FNDA:4,MockMemberRepository::create_test_member
FNDA:3,MockMemberRepository::add_member
FNDA:1,<impl MemberRepository for MockMemberRepository>::save
FNDA:0,<impl MemberRepository for MockMemberRepository>::find_by_id
FNDA:2,<impl MemberRepository for MockMemberRepository>::get_by_user_and_server
FNDA:1,<impl MemberRepository for MockMemberRepository>::find_by_server_id
FNDA:1,<impl MemberRepository for MockMemberRepository>::delete_member
FNDA:1,<impl MemberRepository for MockMemberRepository>::update_member_role
FNDA:1,MockRoleRepository::new
FNDA:2,MockRoleRepository::add_role
FNDA:1,<impl RoleRepository for MockRoleRepository>::find_by_id
FNDA:0,<impl RoleRepository for MockRoleRepository>::find_by_name
DA:25,14
DA:27,14
DA:32,1
DA:34,1
DA:35,2
DA:36,3
DA:37,4
DA:41,4
DA:42,8
DA:47,1
DA:48,2
DA:49,2
DA:50,1
DA:53,2
DA:54,5
DA:57,2
DA:59,7
DA:62,2
DA:63,3
DA:68,4
DA:71,1
DA:74,1
DA:75,2
DA:76,3
DA:77,2
DA:78,1
DA:80,0
DA:84,2
DA:85,3
DA:86,4
DA:87,1
DA:89,1
DA:99,1
DA:101,2
DA:102,6
DA:106,1
DA:107,3
DA:108,1
DA:109,1
DA:110,5
DA:111,3
DA:112,3
DA:113,2
DA:117,3
DA:118,6
DA:121,1
DA:122,2
DA:127,1
DA:128,2
DA:129,1
DA:132,1
DA:133,2
DA:136,1
DA:138,3
DA:141,1
DA:142,2
DA:146,3
DA:147,3
DA:150,1
DA:151,2
DA:154,2
DA:158,3
DA:162,1
DA:165,1
DA:166,3
DA:170,3
DA:172,3
DA:175,1
DA:176,2
DA:179,1
DA:180,3
DA:181,1
DA:184,1
DA:185,2
DA:186,2
DA:187,2
DA:188,1
DA:190,0
DA:200,1
DA:202,1
DA:203,2
DA:207,5
DA:209,6
DA:210,6
DA:211,6
DA:212,7
DA:220,8
DA:223,9
DA:224,18
DA:229,1
DA:230,2
DA:231,1
DA:234,2
DA:235,3
DA:240,4
DA:243,1
DA:246,1
DA:247,2
DA:250,1
DA:251,3
DA:252,1
DA:254,1
DA:255,2
DA:256,2
DA:257,2
DA:258,1
DA:260,0
DA:263,2
DA:264,6
DA:267,4
DA:269,6
DA:277,2
DA:279,2
DA:281,2
DA:282,2
DA:283,4
DA:284,4
DA:285,2
DA:286,2
DA:287,2
DA:289,2
DA:292,1
DA:294,1
DA:295,2
DA:296,2
DA:297,1
DA:298,1
DA:302,2
DA:303,4
DA:308,1
DA:309,2
DA:310,1
DA:312,2
DA:313,4
DA:314,6
DA:316,1
DA:317,2
DA:318,2
DA:319,2
DA:320,1
DA:322,0
DA:325,1
DA:326,2
DA:327,10
DA:337,1
DA:339,1
DA:343,4
DA:344,4
DA:345,2
DA:346,2
DA:347,3
DA:348,6
DA:349,4
DA:350,1
DA:351,2
DA:352,1
DA:354,1
DA:355,1
DA:356,3
DA:357,3
DA:358,2
DA:359,1
DA:360,2
DA:362,2
DA:363,2
DA:364,1
DA:366,1
DA:369,2
DA:370,1
DA:371,1
DA:372,2
DA:373,2
DA:374,1
DA:375,1
DA:376,1
DA:378,1
DA:379,1
DA:380,2
DA:381,2
DA:382,1
DA:383,1
DA:384,1
DA:386,1
DA:387,2
DA:388,1
DA:390,2
DA:393,3
DA:394,6
DA:399,1
DA:400,2
DA:401,1
DA:403,0
DA:404,0
DA:408,0
DA:410,0
DA:413,2
DA:414,6
DA:418,6
DA:420,4
DA:423,1
DA:424,3
DA:429,1
DA:432,1
DA:435,1
DA:436,2
DA:437,2
DA:438,1
DA:441,1
DA:447,2
DA:456,1
DA:458,1
DA:460,1
DA:461,2
DA:462,3
DA:464,4
DA:465,3
DA:466,2
DA:468,3
DA:469,2
DA:470,3
DA:472,4
DA:473,4
DA:474,3
DA:476,3
DA:479,2
DA:480,5
DA:485,1
DA:486,4
DA:489,2
DA:491,2
DA:493,0
DA:494,0
DA:498,0
DA:500,0
LF:234
LH:222
end_of_record
