TN:
SF:/home/yvzu/Documents/T-JSF-600-NAN_6/backend/src/adapters/db/postgres_channel_repository.rs
FN:11,<impl ChannelRepository for PostgresChannelRepo>::save
FN:21,<impl ChannelRepository for PostgresChannelRepo>::find_by_id
FN:42,<impl ChannelRepository for PostgresChannelRepo>::find_by_server
FN:64,<impl ChannelRepository for PostgresChannelRepo>::delete_channel
FN:70,<impl ChannelRepository for PostgresChannelRepo>::update
FNF:5
FNDA:0,<impl ChannelRepository for PostgresChannelRepo>::save
FNDA:0,<impl ChannelRepository for PostgresChannelRepo>::find_by_id
FNDA:0,<impl ChannelRepository for PostgresChannelRepo>::find_by_server
FNDA:0,<impl ChannelRepository for PostgresChannelRepo>::delete_channel
FNDA:0,<impl ChannelRepository for PostgresChannelRepo>::update
DA:11,0
DA:12,0
DA:14,0
DA:16,0
DA:18,0
DA:21,0
DA:22,0
DA:23,0
DA:26,0
DA:29,0
DA:30,0
DA:31,0
DA:32,0
DA:39,0
DA:42,0
DA:43,0
DA:44,0
DA:45,0
DA:47,0
DA:48,0
DA:50,0
DA:51,0
DA:52,0
DA:53,0
DA:60,0
DA:62,0
DA:64,0
DA:65,0
DA:66,0
DA:67,0
DA:70,0
DA:71,0
DA:73,0
DA:75,0
DA:77,0
LF:35
LH:0
end_of_record
TN:
SF:/home/yvzu/Documents/T-JSF-600-NAN_6/backend/src/adapters/db/postgres_member_repository.rs
FN:14,<impl MemberRepository for PostgresMemberRepo>::save
FN:24,<impl MemberRepository for PostgresMemberRepo>::find_by_id
FN:58,<impl MemberRepository for PostgresMemberRepo>::update_member_role
FN:73,<impl MemberRepository for PostgresMemberRepo>::delete_member
FN:79,<impl MemberRepository for PostgresMemberRepo>::find_by_server_id
FNF:5
FNDA:0,<impl MemberRepository for PostgresMemberRepo>::save
FNDA:0,<impl MemberRepository for PostgresMemberRepo>::find_by_id
FNDA:0,<impl MemberRepository for PostgresMemberRepo>::update_member_role
FNDA:0,<impl MemberRepository for PostgresMemberRepo>::delete_member
FNDA:0,<impl MemberRepository for PostgresMemberRepo>::find_by_server_id
DA:14,0
DA:15,0
DA:17,0
DA:19,0
DA:21,0
DA:24,0
DA:25,0
DA:27,0
DA:38,0
DA:40,0
DA:41,0
DA:42,0
DA:43,0
DA:44,0
DA:46,0
DA:47,0
DA:48,0
DA:49,0
DA:50,0
DA:51,0
DA:52,0
DA:53,0
DA:54,0
DA:58,0
DA:59,0
DA:61,0
DA:67,0
DA:70,0
DA:73,0
DA:74,0
DA:75,0
DA:76,0
DA:79,0
DA:80,0
DA:81,0
DA:82,0
DA:94,0
DA:95,0
DA:96,0
DA:97,0
DA:98,0
DA:99,0
DA:100,0
DA:102,0
DA:103,0
DA:104,0
DA:105,0
DA:106,0
DA:107,0
DA:108,0
DA:109,0
DA:110,0
DA:112,0
LF:53
LH:0
end_of_record
TN:
SF:/home/yvzu/Documents/T-JSF-600-NAN_6/backend/src/adapters/db/postgres_message_repository.rs
FN:10,<impl MessageRepository for PostgresMessageRepo>::save
FN:21,<impl MessageRepository for PostgresMessageRepo>::delete
FN:27,<impl MessageRepository for PostgresMessageRepo>::update
FN:37,<impl MessageRepository for PostgresMessageRepo>::find_by_channel
FNF:4
FNDA:0,<impl MessageRepository for PostgresMessageRepo>::save
FNDA:0,<impl MessageRepository for PostgresMessageRepo>::delete
FNDA:0,<impl MessageRepository for PostgresMessageRepo>::update
FNDA:0,<impl MessageRepository for PostgresMessageRepo>::find_by_channel
DA:10,0
DA:11,0
DA:13,0
DA:15,0
DA:18,0
DA:21,0
DA:22,0
DA:23,0
DA:24,0
DA:27,0
DA:28,0
DA:30,0
DA:32,0
DA:34,0
DA:37,0
DA:38,0
DA:39,0
DA:41,0
DA:47,0
DA:48,0
DA:50,0
DA:51,0
DA:52,0
DA:53,0
DA:61,0
DA:63,0
DA:66,0
LF:27
LH:0
end_of_record
TN:
SF:/home/yvzu/Documents/T-JSF-600-NAN_6/backend/src/adapters/db/postgres_role_repository.rs
FN:10,<impl RoleRepository for PostgresRoleRepo>::find_by_id
FN:25,<impl RoleRepository for PostgresRoleRepo>::find_by_name
FNF:2
FNDA:0,<impl RoleRepository for PostgresRoleRepo>::find_by_id
FNDA:0,<impl RoleRepository for PostgresRoleRepo>::find_by_name
DA:10,0
DA:11,0
DA:13,0
DA:18,0
DA:20,0
DA:21,0
DA:25,0
DA:27,0
DA:29,0
DA:34,0
DA:36,0
DA:37,0
LF:12
LH:0
end_of_record
TN:
SF:/home/yvzu/Documents/T-JSF-600-NAN_6/backend/src/adapters/db/postgres_server_repository.rs
FN:10,<impl ServerRepository for PostgresServerRepo>::save
FN:21,<impl ServerRepository for PostgresServerRepo>::find_by_id
FN:60,<impl ServerRepository for PostgresServerRepo>::find_by_user_id
FN:102,<impl ServerRepository for PostgresServerRepo>::delete_server
FN:112,<impl ServerRepository for PostgresServerRepo>::find_by_invite_code
FN:151,<impl ServerRepository for PostgresServerRepo>::update
FNF:6
FNDA:0,<impl ServerRepository for PostgresServerRepo>::save
FNDA:0,<impl ServerRepository for PostgresServerRepo>::find_by_id
FNDA:0,<impl ServerRepository for PostgresServerRepo>::find_by_user_id
FNDA:0,<impl ServerRepository for PostgresServerRepo>::delete_server
FNDA:0,<impl ServerRepository for PostgresServerRepo>::find_by_invite_code
FNDA:0,<impl ServerRepository for PostgresServerRepo>::update
DA:10,0
DA:11,0
DA:13,0
DA:15,0
DA:18,0
DA:21,0
DA:22,0
DA:23,0
DA:26,0
DA:29,0
DA:30,0
DA:31,0
DA:32,0
DA:33,0
DA:41,0
DA:44,0
DA:46,0
DA:47,0
DA:49,0
DA:50,0
DA:51,0
DA:52,0
DA:54,0
DA:57,0
DA:60,0
DA:61,0
DA:62,0
DA:64,0
DA:66,0
DA:67,0
DA:68,0
DA:69,0
DA:70,0
DA:71,0
DA:72,0
DA:75,0
DA:80,0
DA:83,0
DA:85,0
DA:86,0
DA:88,0
DA:89,0
DA:90,0
DA:91,0
DA:93,0
DA:96,0
DA:99,0
DA:102,0
DA:103,0
DA:104,0
DA:106,0
DA:109,0
DA:112,0
DA:113,0
DA:114,0
DA:117,0
DA:120,0
DA:121,0
DA:122,0
DA:123,0
DA:124,0
DA:127,0
DA:132,0
DA:135,0
DA:137,0
DA:138,0
DA:140,0
DA:141,0
DA:142,0
DA:143,0
DA:145,0
DA:148,0
DA:151,0
DA:152,0
DA:154,0
DA:156,0
DA:158,0
LF:77
LH:0
end_of_record
TN:
SF:/home/yvzu/Documents/T-JSF-600-NAN_6/backend/src/adapters/db/postgres_user_repository.rs
FN:11,<impl UserRepository for PostgresUserRepo>::save
FN:21,<impl UserRepository for PostgresUserRepo>::find_by_id
FN:46,<impl UserRepository for PostgresUserRepo>::find_by_email
FN:71,<impl UserRepository for PostgresUserRepo>::exist
FN:87,<impl UserRepository for PostgresUserRepo>::find_by_username
FN:112,<impl UserRepository for PostgresUserRepo>::delete
FN:119,<impl UserRepository for PostgresUserRepo>::update
FN:129,<impl UserRepository for PostgresUserRepo>::update_token
FNF:8
FNDA:0,<impl UserRepository for PostgresUserRepo>::save
FNDA:0,<impl UserRepository for PostgresUserRepo>::find_by_id
FNDA:0,<impl UserRepository for PostgresUserRepo>::find_by_email
FNDA:0,<impl UserRepository for PostgresUserRepo>::exist
FNDA:0,<impl UserRepository for PostgresUserRepo>::find_by_username
FNDA:0,<impl UserRepository for PostgresUserRepo>::delete
FNDA:0,<impl UserRepository for PostgresUserRepo>::update
FNDA:0,<impl UserRepository for PostgresUserRepo>::update_token
DA:11,0
DA:12,0
DA:14,0
DA:16,0
DA:18,0
DA:21,0
DA:22,0
DA:23,0
DA:26,0
DA:29,0
DA:30,0
DA:31,0
DA:32,0
DA:33,0
DA:34,0
DA:43,0
DA:46,0
DA:47,0
DA:48,0
DA:51,0
DA:54,0
DA:55,0
DA:56,0
DA:57,0
DA:58,0
DA:59,0
DA:68,0
DA:71,0
DA:72,0
DA:73,0
DA:76,0
DA:79,0
DA:80,0
DA:81,0
DA:83,0
DA:87,0
DA:88,0
DA:89,0
DA:92,0
DA:95,0
DA:96,0
DA:97,0
DA:98,0
DA:99,0
DA:100,0
DA:109,0
DA:112,0
DA:113,0
DA:114,0
DA:115,0
DA:116,0
DA:119,0
DA:120,0
DA:122,0
DA:124,0
DA:126,0
DA:129,0
DA:130,0
DA:132,0
DA:134,0
DA:137,0
LF:61
LH:0
end_of_record
TN:
SF:/home/yvzu/Documents/T-JSF-600-NAN_6/backend/src/adapters/http/channel/create_channel.rs
FN:9,create_channel_handler
FNF:1
FNDA:0,create_channel_handler
DA:9,0
DA:13,0
DA:15,0
DA:16,0
DA:18,0
DA:19,0
DA:20,0
DA:21,0
LF:8
LH:0
end_of_record
TN:
SF:/home/yvzu/Documents/T-JSF-600-NAN_6/backend/src/adapters/http/channel/delete_channel.rs
FN:8,delete_channel_handler
FNF:1
FNDA:0,delete_channel_handler
DA:8,0
DA:11,0
DA:13,0
DA:14,0
DA:16,0
DA:17,0
DA:18,0
DA:19,0
LF:8
LH:0
end_of_record
TN:
SF:/home/yvzu/Documents/T-JSF-600-NAN_6/backend/src/adapters/http/channel/get_channel.rs
FN:8,get_channel_handler
FNF:1
FNDA:0,get_channel_handler
DA:8,0
DA:11,0
DA:13,0
DA:14,0
DA:16,0
DA:17,0
DA:18,0
DA:19,0
LF:8
LH:0
end_of_record
TN:
SF:/home/yvzu/Documents/T-JSF-600-NAN_6/backend/src/adapters/http/channel/list_channel.rs
FN:9,list_channel_handler
FNF:1
FNDA:0,list_channel_handler
DA:9,0
DA:12,0
DA:14,0
DA:15,0
DA:17,0
DA:18,0
DA:19,0
DA:20,0
LF:8
LH:0
end_of_record
TN:
SF:/home/yvzu/Documents/T-JSF-600-NAN_6/backend/src/adapters/http/channel/update_channel.rs
FN:8,update_channel_handler
FNF:1
FNDA:0,update_channel_handler
DA:8,0
DA:12,0
DA:14,0
DA:15,0
DA:17,0
DA:18,0
DA:19,0
DA:20,0
LF:8
LH:0
end_of_record
TN:
SF:/home/yvzu/Documents/T-JSF-600-NAN_6/backend/src/adapters/http/error.rs
FN:12,<impl IntoResponse for ApiError>::into_response
FNF:1
FNDA:0,<impl IntoResponse for ApiError>::into_response
DA:12,0
DA:13,0
DA:14,0
DA:15,0
DA:16,0
LF:5
LH:0
end_of_record
TN:
SF:/home/yvzu/Documents/T-JSF-600-NAN_6/backend/src/adapters/http/message/create_message.rs
FN:9,create_message_handler
FNF:1
FNDA:0,create_message_handler
DA:9,0
DA:13,0
DA:15,0
DA:16,0
DA:18,0
DA:19,0
DA:20,0
DA:21,0
LF:8
LH:0
end_of_record
TN:
SF:/home/yvzu/Documents/T-JSF-600-NAN_6/backend/src/adapters/http/message/delete_message.rs
FN:7,delete_message_handler
FNF:1
FNDA:0,delete_message_handler
DA:7,0
DA:10,0
DA:12,0
DA:13,0
DA:15,0
DA:16,0
DA:17,0
DA:18,0
LF:8
LH:0
end_of_record
TN:
SF:/home/yvzu/Documents/T-JSF-600-NAN_6/backend/src/adapters/http/message/get_message_list.rs
FN:8,get_message_list_handler
FNF:1
FNDA:0,get_message_list_handler
DA:8,0
DA:11,0
DA:13,0
DA:14,0
DA:16,0
DA:17,0
DA:18,0
DA:19,0
LF:8
LH:0
end_of_record
TN:
SF:/home/yvzu/Documents/T-JSF-600-NAN_6/backend/src/adapters/http/route/channels_route.rs
FN:10,channels_routes
FNF:1
FNDA:0,channels_routes
DA:10,0
DA:11,0
DA:12,0
DA:13,0
DA:14,0
DA:15,0
DA:16,0
LF:7
LH:0
end_of_record
TN:
SF:/home/yvzu/Documents/T-JSF-600-NAN_6/backend/src/adapters/http/route/message_route.rs
FN:8,message_routes
FNF:1
FNDA:0,message_routes
DA:8,0
DA:9,0
DA:10,0
DA:11,0
DA:12,0
LF:5
LH:0
end_of_record
TN:
SF:/home/yvzu/Documents/T-JSF-600-NAN_6/backend/src/adapters/http/route/server_route.rs
FN:16,server_routes
FNF:1
FNDA:0,server_routes
DA:16,0
DA:17,0
DA:18,0
DA:19,0
DA:20,0
DA:21,0
DA:22,0
DA:24,0
DA:25,0
DA:26,0
DA:27,0
DA:29,0
LF:12
LH:0
end_of_record
TN:
SF:/home/yvzu/Documents/T-JSF-600-NAN_6/backend/src/adapters/http/route/user_route.rs
FN:10,user_routes
FNF:1
FNDA:0,user_routes
DA:10,0
DA:11,0
DA:12,0
DA:13,0
DA:14,0
DA:15,0
LF:6
LH:0
end_of_record
TN:
SF:/home/yvzu/Documents/T-JSF-600-NAN_6/backend/src/adapters/http/server/create_server.rs
FN:10,create_server_handler
FNF:1
FNDA:0,create_server_handler
DA:10,0
DA:13,0
DA:16,0
DA:18,0
DA:19,0
DA:21,0
DA:22,0
DA:23,0
DA:26,0
DA:27,0
DA:31,0
DA:32,0
DA:34,0
DA:35,0
DA:38,0
DA:39,0
DA:41,0
DA:42,0
DA:43,0
DA:45,0
LF:20
LH:0
end_of_record
TN:
SF:/home/yvzu/Documents/T-JSF-600-NAN_6/backend/src/adapters/http/server/delete_server.rs
FN:4,delete_server_handler
FNF:1
FNDA:0,delete_server_handler
DA:4,0
DA:7,0
DA:9,0
DA:10,0
DA:12,0
DA:13,0
DA:14,0
DA:16,0
LF:8
LH:0
end_of_record
TN:
SF:/home/yvzu/Documents/T-JSF-600-NAN_6/backend/src/adapters/http/server/find_by_user_id.rs
FN:13,get_user_server_handler
FNF:1
FNDA:0,get_user_server_handler
DA:13,0
DA:16,0
DA:17,0
DA:19,0
DA:20,0
DA:22,0
DA:23,0
DA:24,0
DA:26,0
LF:9
LH:0
end_of_record
TN:
SF:/home/yvzu/Documents/T-JSF-600-NAN_6/backend/src/adapters/http/server/get_members.rs
FN:8,get_members_handler
FNF:1
FNDA:0,get_members_handler
DA:8,0
DA:11,0
DA:13,0
DA:14,0
DA:16,0
DA:17,0
DA:18,0
DA:20,0
LF:8
LH:0
end_of_record
TN:
SF:/home/yvzu/Documents/T-JSF-600-NAN_6/backend/src/adapters/http/server/get_server.rs
FN:7,get_server_handler
FNF:1
FNDA:0,get_server_handler
DA:7,0
DA:10,0
DA:12,0
DA:13,0
DA:15,0
DA:16,0
DA:17,0
DA:19,0
LF:8
LH:0
end_of_record
TN:
SF:/home/yvzu/Documents/T-JSF-600-NAN_6/backend/src/adapters/http/server/join_by_invite.rs
FN:16,join_server_by_invite_handler
FNF:1
FNDA:0,join_server_by_invite_handler
DA:16,0
DA:20,0
DA:21,0
DA:24,0
DA:25,0
DA:27,0
DA:28,0
DA:29,0
DA:31,0
LF:9
LH:0
end_of_record
TN:
SF:/home/yvzu/Documents/T-JSF-600-NAN_6/backend/src/adapters/http/server/join_server.rs
FN:11,join_server_handler
FNF:1
FNDA:0,join_server_handler
DA:11,0
DA:15,0
DA:16,0
DA:19,0
DA:20,0
DA:22,0
DA:23,0
DA:24,0
DA:26,0
LF:9
LH:0
end_of_record
TN:
SF:/home/yvzu/Documents/T-JSF-600-NAN_6/backend/src/adapters/http/server/leave_server.rs
FN:11,delete_member_handler
FNF:1
FNDA:0,delete_member_handler
DA:11,0
DA:15,0
DA:17,0
DA:18,0
DA:20,0
DA:21,0
DA:22,0
DA:24,0
LF:8
LH:0
end_of_record
TN:
SF:/home/yvzu/Documents/T-JSF-600-NAN_6/backend/src/adapters/http/server/update_member.rs
FN:10,update_members_handler
FNF:1
FNDA:0,update_members_handler
DA:10,0
DA:15,0
DA:17,0
DA:18,0
DA:20,0
DA:21,0
DA:22,0
DA:24,0
LF:8
LH:0
end_of_record
TN:
SF:/home/yvzu/Documents/T-JSF-600-NAN_6/backend/src/adapters/http/server/update_server.rs
FN:9,update_server_handler
FNF:1
FNDA:0,update_server_handler
DA:9,0
DA:13,0
DA:15,0
DA:16,0
DA:18,0
DA:19,0
DA:20,0
DA:22,0
LF:8
LH:0
end_of_record
TN:
SF:/home/yvzu/Documents/T-JSF-600-NAN_6/backend/src/adapters/http/user/create.rs
FN:7,create_user_handler
FNF:1
FNDA:0,create_user_handler
DA:7,0
DA:10,0
DA:12,0
DA:13,0
DA:15,0
DA:16,0
DA:17,0
DA:19,0
DA:20,0
DA:21,0
DA:22,0
DA:25,0
LF:12
LH:0
end_of_record
TN:
SF:/home/yvzu/Documents/T-JSF-600-NAN_6/backend/src/adapters/http/user/get_by_id.rs
FN:13,get_user_handler
FNF:1
FNDA:0,get_user_handler
DA:13,0
DA:16,0
DA:17,0
DA:19,0
DA:20,0
DA:22,0
DA:23,0
DA:24,0
DA:26,0
LF:9
LH:0
end_of_record
TN:
SF:/home/yvzu/Documents/T-JSF-600-NAN_6/backend/src/adapters/http/user/login.rs
FN:4,login_user_handler
FNF:1
FNDA:0,login_user_handler
DA:4,0
DA:7,0
DA:9,0
DA:10,0
DA:12,0
DA:13,0
DA:14,0
DA:16,0
DA:17,0
DA:18,0
DA:19,0
DA:21,0
LF:12
LH:0
end_of_record
TN:
SF:/home/yvzu/Documents/T-JSF-600-NAN_6/backend/src/adapters/http/user/logout.rs
FN:12,logout_user_handler
FNF:1
FNDA:0,logout_user_handler
DA:12,0
DA:15,0
DA:16,0
DA:18,0
DA:19,0
DA:21,0
DA:22,0
DA:23,0
DA:25,0
LF:9
LH:0
end_of_record
TN:
SF:/home/yvzu/Documents/T-JSF-600-NAN_6/backend/src/adapters/websocket/mod.rs
FN:87,AppState::new
FN:95,ws_handler
FN:104,handle_socket
FN:294,websocket_routes
FNF:4
FNDA:0,AppState::new
FNDA:0,ws_handler
FNDA:0,handle_socket
FNDA:0,websocket_routes
DA:87,0
DA:89,0
DA:95,0
DA:100,0
DA:104,0
DA:105,0
DA:107,0
DA:111,0
DA:112,0
DA:113,0
DA:114,0
DA:118,0
DA:121,0
DA:122,0
DA:125,0
DA:126,0
DA:127,0
DA:134,0
DA:135,0
DA:136,0
DA:137,0
DA:138,0
DA:139,0
DA:140,0
DA:141,0
DA:143,0
DA:144,0
DA:145,0
DA:146,0
DA:149,0
DA:150,0
DA:153,0
DA:154,0
DA:155,0
DA:158,0
DA:159,0
DA:160,0
DA:161,0
DA:162,0
DA:164,0
DA:165,0
DA:166,0
DA:172,0
DA:173,0
DA:178,0
DA:179,0
DA:180,0
DA:181,0
DA:182,0
DA:187,0
DA:188,0
DA:190,0
DA:192,0
DA:193,0
DA:195,0
DA:196,0
DA:197,0
DA:198,0
DA:199,0
DA:200,0
DA:201,0
DA:205,0
DA:206,0
DA:209,0
DA:210,0
DA:212,0
DA:213,0
DA:219,0
DA:220,0
DA:221,0
DA:224,0
DA:226,0
DA:231,0
DA:232,0
DA:237,0
DA:238,0
DA:243,0
DA:246,0
DA:247,0
DA:248,0
DA:249,0
DA:250,0
DA:251,0
DA:252,0
DA:254,0
DA:255,0
DA:256,0
DA:270,0
DA:276,0
DA:277,0
DA:278,0
DA:280,0
DA:281,0
DA:282,0
DA:284,0
DA:285,0
DA:286,0
DA:290,0
DA:294,0
DA:295,0
DA:296,0
DA:297,0
LF:102
LH:0
end_of_record
TN:
SF:/home/yvzu/Documents/T-JSF-600-NAN_6/backend/src/domain/jwt.rs
FN:6,get_jwt_secret
FN:21,generate_token
FN:43,validate_token
FNF:3
FNDA:0,get_jwt_secret
FNDA:0,generate_token
FNDA:0,validate_token
DA:6,0
DA:7,0
DA:8,0
DA:9,0
DA:21,0
DA:22,0
DA:23,0
DA:28,0
DA:29,0
DA:33,0
DA:35,0
DA:37,0
DA:39,0
DA:43,0
DA:44,0
DA:47,0
DA:48,0
DA:50,0
DA:51,0
LF:19
LH:0
end_of_record
TN:
SF:/home/yvzu/Documents/T-JSF-600-NAN_6/backend/src/domain/usecases/channel/create.rs
FN:12,CreateChannel<'a>::execute
FNF:1
FNDA:0,CreateChannel<'a>::execute
DA:12,0
DA:17,0
DA:18,0
DA:20,0
DA:21,0
DA:30,0
LF:6
LH:0
end_of_record
TN:
SF:/home/yvzu/Documents/T-JSF-600-NAN_6/backend/src/domain/usecases/channel/delete.rs
FN:8,DeleteChannel<'a>::execute
FNF:1
FNDA:0,DeleteChannel<'a>::execute
DA:8,0
DA:12,0
DA:13,0
DA:15,0
DA:16,0
LF:5
LH:0
end_of_record
TN:
SF:/home/yvzu/Documents/T-JSF-600-NAN_6/backend/src/domain/usecases/channel/get.rs
FN:9,GetChannelDetails<'a>::execute
FNF:1
FNDA:0,GetChannelDetails<'a>::execute
DA:9,0
DA:13,0
DA:14,0
DA:16,0
DA:17,0
DA:18,0
DA:21,0
LF:7
LH:0
end_of_record
TN:
SF:/home/yvzu/Documents/T-JSF-600-NAN_6/backend/src/domain/usecases/channel/list_channel.rs
FN:9,ListServerChannel<'a>::execute
FNF:1
FNDA:0,ListServerChannel<'a>::execute
DA:9,0
DA:13,0
DA:14,0
DA:16,0
DA:17,0
DA:18,0
DA:19,0
LF:7
LH:0
end_of_record
TN:
SF:/home/yvzu/Documents/T-JSF-600-NAN_6/backend/src/domain/usecases/channel/update.rs
FN:10,UpdateChannel<'a>::execute
FNF:1
FNDA:0,UpdateChannel<'a>::execute
DA:10,0
DA:15,0
DA:16,0
DA:18,0
DA:19,0
DA:20,0
DA:22,0
DA:23,0
DA:24,0
LF:9
LH:0
end_of_record
TN:
SF:/home/yvzu/Documents/T-JSF-600-NAN_6/backend/src/domain/usecases/message/delete_message.rs
FN:8,DeleteMessage<'a>::execute
FNF:1
FNDA:0,DeleteMessage<'a>::execute
DA:8,0
DA:13,0
DA:14,0
DA:16,0
DA:17,0
LF:5
LH:0
end_of_record
TN:
SF:/home/yvzu/Documents/T-JSF-600-NAN_6/backend/src/domain/usecases/message/list_message.rs
FN:9,ListMessage<'a>::execute
FNF:1
FNDA:0,ListMessage<'a>::execute
DA:9,0
DA:14,0
DA:15,0
DA:18,0
DA:19,0
DA:21,0
LF:6
LH:0
end_of_record
TN:
SF:/home/yvzu/Documents/T-JSF-600-NAN_6/backend/src/domain/usecases/message/send_message.rs
FN:15,SendMessage<'a>::execute
FNF:1
FNDA:0,SendMessage<'a>::execute
DA:15,0
DA:22,0
DA:23,0
DA:25,0
DA:26,0
DA:28,0
DA:29,0
DA:33,0
DA:34,0
DA:35,0
DA:36,0
DA:37,0
DA:40,0
DA:41,0
DA:47,0
DA:60,0
LF:16
LH:0
end_of_record
TN:
SF:/home/yvzu/Documents/T-JSF-600-NAN_6/backend/src/domain/usecases/server/create.rs
FN:11,CreateServer<'a>::execute
FNF:1
FNDA:2,CreateServer<'a>::execute
DA:11,2
DA:16,6
DA:17,0
DA:19,2
DA:20,4
DA:21,4
DA:28,2
DA:30,4
DA:31,2
LF:9
LH:8
end_of_record
TN:
SF:/home/yvzu/Documents/T-JSF-600-NAN_6/backend/src/domain/usecases/server/delete.rs
FN:8,DeleteServer<'a>::execute
FNF:1
FNDA:0,DeleteServer<'a>::execute
DA:8,0
DA:12,0
DA:13,0
DA:15,0
DA:16,0
LF:5
LH:0
end_of_record
TN:
SF:/home/yvzu/Documents/T-JSF-600-NAN_6/backend/src/domain/usecases/server/find_by_user_id.rs
FN:19,GetServerByUser<'a>::execute
FNF:1
FNDA:0,GetServerByUser<'a>::execute
DA:19,0
DA:20,0
DA:22,0
DA:23,0
DA:24,0
DA:26,0
LF:6
LH:0
end_of_record
TN:
SF:/home/yvzu/Documents/T-JSF-600-NAN_6/backend/src/domain/usecases/server/get.rs
FN:9,GetServerDetails<'a>::execute
FNF:1
FNDA:0,GetServerDetails<'a>::execute
DA:9,0
DA:13,0
DA:14,0
DA:18,0
DA:19,0
LF:5
LH:0
end_of_record
TN:
SF:/home/yvzu/Documents/T-JSF-600-NAN_6/backend/src/domain/usecases/server/join.rs
FN:16,JoinServer<'a>::execute
FNF:1
FNDA:0,JoinServer<'a>::execute
DA:16,0
DA:23,0
DA:24,0
DA:26,0
DA:27,0
DA:28,0
DA:30,0
DA:31,0
DA:32,0
DA:34,0
DA:35,0
DA:37,0
DA:39,0
DA:49,0
DA:56,0
LF:15
LH:0
end_of_record
TN:
SF:/home/yvzu/Documents/T-JSF-600-NAN_6/backend/src/domain/usecases/server/join_by_invite.rs
FN:16,JoinServerByInvite<'a>::execute
FNF:1
FNDA:0,JoinServerByInvite<'a>::execute
DA:16,0
DA:22,0
DA:23,0
DA:26,0
DA:27,0
DA:28,0
DA:31,0
DA:32,0
DA:33,0
DA:36,0
DA:38,0
DA:48,0
DA:55,0
LF:13
LH:0
end_of_record
TN:
SF:/home/yvzu/Documents/T-JSF-600-NAN_6/backend/src/domain/usecases/server/leave.rs
FN:9,LeaveServer<'a>::execute
FNF:1
FNDA:0,LeaveServer<'a>::execute
DA:9,0
DA:14,0
DA:15,0
DA:17,0
DA:18,0
LF:5
LH:0
end_of_record
TN:
SF:/home/yvzu/Documents/T-JSF-600-NAN_6/backend/src/domain/usecases/server/list.rs
FN:9,ListUserServers<'a>::execute
FNF:1
FNDA:0,ListUserServers<'a>::execute
DA:9,0
DA:13,0
DA:14,0
DA:16,0
DA:17,0
DA:18,0
LF:6
LH:0
end_of_record
TN:
SF:/home/yvzu/Documents/T-JSF-600-NAN_6/backend/src/domain/usecases/server/list_member.rs
FN:10,ListServerMembers<'a>::execute
FNF:1
FNDA:0,ListServerMembers<'a>::execute
DA:10,0
DA:14,0
DA:15,0
DA:17,0
DA:18,0
LF:5
LH:0
end_of_record
TN:
SF:/home/yvzu/Documents/T-JSF-600-NAN_6/backend/src/domain/usecases/server/update.rs
FN:12,UpdateServer<'a>::execute
FNF:1
FNDA:0,UpdateServer<'a>::execute
DA:12,0
DA:18,0
DA:19,0
DA:21,0
DA:22,0
DA:23,0
DA:24,0
DA:26,0
DA:27,0
DA:29,0
DA:30,0
DA:31,0
LF:12
LH:0
end_of_record
TN:
SF:/home/yvzu/Documents/T-JSF-600-NAN_6/backend/src/domain/usecases/server/update_member.rs
FN:9,UpdateMemberRole<'a>::execute
FNF:1
FNDA:0,UpdateMemberRole<'a>::execute
DA:9,0
DA:15,0
DA:16,0
DA:18,0
DA:19,0
DA:20,0
LF:6
LH:0
end_of_record
TN:
SF:/home/yvzu/Documents/T-JSF-600-NAN_6/backend/src/domain/usecases/user/create.rs
FN:11,CreateUser<'a>::execute
FNF:1
FNDA:0,CreateUser<'a>::execute
DA:11,0
DA:17,0
DA:18,0
DA:20,0
DA:21,0
DA:32,0
LF:6
LH:0
end_of_record
TN:
SF:/home/yvzu/Documents/T-JSF-600-NAN_6/backend/src/domain/usecases/user/find_by_id.rs
FN:17,GetUserById<'a>::execute
FNF:1
FNDA:0,GetUserById<'a>::execute
DA:17,0
DA:21,0
DA:22,0
DA:24,0
DA:25,0
DA:26,0
DA:28,0
LF:7
LH:0
end_of_record
TN:
SF:/home/yvzu/Documents/T-JSF-600-NAN_6/backend/src/domain/usecases/user/login.rs
FN:10,LoginUser<'a>::execute
FNF:1
FNDA:0,LoginUser<'a>::execute
DA:10,0
DA:15,0
DA:16,0
DA:18,0
DA:19,0
DA:20,0
DA:22,0
DA:23,0
DA:27,0
DA:30,0
DA:33,0
DA:35,0
LF:12
LH:0
end_of_record
TN:
SF:/home/yvzu/Documents/T-JSF-600-NAN_6/backend/src/domain/usecases/user/logout.rs
FN:8,LogoutUser<'a>::execute
FNF:1
FNDA:0,LogoutUser<'a>::execute
DA:8,0
DA:12,0
DA:13,0
DA:17,0
DA:19,0
LF:5
LH:0
end_of_record
TN:
SF:/home/yvzu/Documents/T-JSF-600-NAN_6/backend/src/main.rs
FN:17,main
FNF:1
FNDA:0,main
DA:17,0
DA:19,0
DA:22,0
DA:23,0
DA:24,0
DA:25,0
DA:28,0
DA:29,0
DA:30,0
DA:31,0
DA:32,0
DA:33,0
DA:34,0
DA:35,0
DA:37,0
DA:39,0
DA:40,0
DA:42,0
DA:43,0
DA:46,0
LF:20
LH:0
end_of_record
